Removed Pin From Net: NetName=VCC3.3 Pin=C17-1
Removed Pin From Net: NetName=VCC3.3 Pin=LED2-1
Removed Pin From Net: NetName=VCC3.3 Pin=LED3-1
Removed Pin From Net: NetName=VCC3.3 Pin=LED4-1
Removed Pin From Net: NetName=VCC3.3 Pin=LED5-1
Removed Pin From Net: NetName=VCC3.3 Pin=Q1-1
Removed Pin From Net: NetName=AD Pin=Q1-3
Removed Pin From Net: NetName=GND Pin=Q3-2
Removed Pin From Net: NetName=VCC3.3 Pin=R14-2
Removed Pin From Net: NetName=VCC3.3 Pin=R15-2
Removed Pin From Net: NetName=VCC3.3 Pin=R16-2
Removed Pin From Net: NetName=VCC3.3 Pin=R17-2
Removed Pin From Net: NetName=GND Pin=R28-1
Removed Pin From Net: NetName=NetLED1_2 Pin=U2-6
Change Component Footprint: Designator=LED1 Old Footprint=LED-0603 New Footprint=LED0603*2
Change Component Footprint: Designator=LED2 Old Footprint=LED-0603 New Footprint=LED0603*2
Change Component Footprint: Designator=LED3 Old Footprint=LED-0603 New Footprint=LED0603*2
Change Component Footprint: Designator=LED4 Old Footprint=LED-0603 New Footprint=LED0603*2
Change Component Footprint: Designator=LED5 Old Footprint=LED-0603 New Footprint=LED0603*2
Change Component Comment : Designator=Q1 Old Comment=BC587B New Comment=BC847
Change Component Comment : Designator=LED1 Old Comment=LED New Comment=LED0603*2
Change Component Comment : Designator=LED2 Old Comment=LED New Comment=LED0603*2
Change Component Comment : Designator=LED3 Old Comment=LED New Comment=LED0603*2
Change Component Comment : Designator=LED4 Old Comment=LED New Comment=LED0603*2
Change Component Comment : Designator=LED5 Old Comment=LED New Comment=LED0603*2
Change Component Comment : Designator=U3 Old Comment=LT1963 New Comment=LT1763
Change Component Designator: OldDesignator=GND NewDesignator=P4
Change Component Designator: OldDesignator=VBAT NewDesignator=P3
Added Component: Designator=C20(0603)
Added Component: Designator=P5(≤‚µ„)
Added Component: Designator=R29(0603)
Added Component: Designator=R30(0603)
Added Component: Designator=R31(0603)
Added Component: Designator=R32(0603)
Added Pin To Net: NetName=VBAT Pin=C17-1
Added Pin To Net: NetName=VCC3.3 Pin=C20-2
Added Pin To Net: NetName=GND Pin=P5-1
Added Pin To Net: NetName=VBAT Pin=R14-2
Added Pin To Net: NetName=VBAT Pin=R15-2
Added Pin To Net: NetName=VBAT Pin=R16-2
Added Pin To Net: NetName=VBAT Pin=R17-2
Added Pin To Net: NetName=VCC3.3 Pin=R19-2
Added Pin To Net: NetName=VCC3.3 Pin=R20-2
Added Pin To Net: NetName=VCC3.3 Pin=R21-2
Added Pin To Net: NetName=VCC3.3 Pin=R22-2
Added Pin To Net: NetName=NetR1_1 Pin=R29-1
Added Pin To Net: NetName=NetLED1_2 Pin=R29-2
Added Pin To Net: NetName=VCC3.3 Pin=R30-2
Added Pin To Net: NetName=GND Pin=R31-2
Added Pin To Net: NetName=AD Pin=R32-1
Added Pin To Net: NetName=AD_CHECK Pin=U1-15
Added Net: Name=AD_CHECK
Added Pin To Net: NetName=JTCK Pin=P1-1
Added Pin To Net: NetName=JTCK Pin=R31-1
Added Pin To Net: NetName=JTCK Pin=U1-49
Added Net: Name=JTCK
Added Pin To Net: NetName=JTMS Pin=P2-1
Added Pin To Net: NetName=JTMS Pin=R30-1
Added Pin To Net: NetName=JTMS Pin=U1-46
Added Net: Name=JTMS
Added Pin To Net: NetName=LED1_G Pin=LED2-3
Added Pin To Net: NetName=LED1_G Pin=U1-35
Added Net: Name=LED1_G
Added Pin To Net: NetName=LED1_R Pin=LED2-4
Added Pin To Net: NetName=LED1_R Pin=U1-36
Added Net: Name=LED1_R
Added Pin To Net: NetName=LED2_G Pin=LED3-3
Added Pin To Net: NetName=LED2_G Pin=U1-33
Added Net: Name=LED2_G
Added Pin To Net: NetName=LED2_R Pin=LED3-4
Added Pin To Net: NetName=LED2_R Pin=U1-34
Added Net: Name=LED2_R
Added Pin To Net: NetName=LED3_G Pin=LED4-3
Added Pin To Net: NetName=LED3_G Pin=U1-29
Added Net: Name=LED3_G
Added Pin To Net: NetName=LED3_R Pin=U1-30
Added Net: Name=LED3_R
Added Pin To Net: NetName=LED4_G Pin=LED5-3
Added Pin To Net: NetName=LED4_G Pin=U1-26
Added Net: Name=LED4_G
Added Pin To Net: NetName=LED4_R Pin=LED5-4
Added Pin To Net: NetName=LED4_R Pin=U1-27
Added Net: Name=LED4_R
Added Pin To Net: NetName=NetC20_1 Pin=C20-1
Added Pin To Net: NetName=NetC20_1 Pin=U3-4
Added Net: Name=NetC20_1
Added Pin To Net: NetName=NetLED1_3 Pin=LED1-3
Added Pin To Net: NetName=NetLED1_3 Pin=U2-6
Added Net: Name=NetLED1_3
Added Pin To Net: NetName=NetLED1_4 Pin=LED1-4
Added Pin To Net: NetName=NetLED1_4 Pin=U2-7
Added Net: Name=NetLED1_4
Added Pin To Net: NetName=NetLED2_1 Pin=LED2-1
Added Pin To Net: NetName=NetLED2_1 Pin=LED2-2
Added Pin To Net: NetName=NetLED2_1 Pin=R19-1
Added Net: Name=NetLED2_1
Added Pin To Net: NetName=NetLED3_1 Pin=LED3-1
Added Pin To Net: NetName=NetLED3_1 Pin=LED3-2
Added Pin To Net: NetName=NetLED3_1 Pin=R20-1
Added Net: Name=NetLED3_1
Added Pin To Net: NetName=NetLED4_1 Pin=LED4-1
Added Pin To Net: NetName=NetLED4_1 Pin=LED4-2
Added Pin To Net: NetName=NetLED4_1 Pin=R21-1
Added Net: Name=NetLED4_1
Added Pin To Net: NetName=NetLED5_1 Pin=LED5-1
Added Pin To Net: NetName=NetLED5_1 Pin=LED5-2
Added Pin To Net: NetName=NetLED5_1 Pin=R22-1
Added Net: Name=NetLED5_1
Added Pin To Net: NetName=NetQ1_1 Pin=Q1-1
Added Pin To Net: NetName=NetQ1_1 Pin=R32-2
Added Net: Name=NetQ1_1
Added Pin To Net: NetName=NetQ3_2 Pin=Q3-2
Added Pin To Net: NetName=NetQ3_2 Pin=R28-1
Added Net: Name=NetQ3_2
Added Pin To Net: NetName=PA4 Pin=U1-20
Added Net: Name=PA4
Added Member To Class: ClassName=Sch Member=Component C20 Capacitor-0805
Added Member To Class: ClassName=Sch Member=Component P5 ∫∏≈Ã
Added Member To Class: ClassName=Sch Member=Component R29 Resistor-0603
Added Member To Class: ClassName=Sch Member=Component R30 Resistor-0603
Added Member To Class: ClassName=Sch Member=Component R31 Resistor-0603
Added Member To Class: ClassName=Sch Member=Component R32 Resistor-0603
