Added Component: Designator=C1(0805)
Added Component: Designator=C2(0603)
Added Component: Designator=C3(0805)
Added Component: Designator=C4(0603)
Added Component: Designator=C5(0603)
Added Component: Designator=C6(0603)
Added Component: Designator=C7(0603)
Added Component: Designator=C8(0805)
Added Component: Designator=C9(0603)
Added Component: Designator=C10(0805)
Added Component: Designator=C11(0603)
Added Component: Designator=C12(0603)
Added Component: Designator=C13(0603)
Added Component: Designator=C14(0603)
Added Component: Designator=C15(0603)
Added Component: Designator=C16(0603)
Added Component: Designator=C17(0603)
Added Component: Designator=C18(0603)
Added Component: Designator=C19(0603)
Added Component: Designator=D1(IN5824)
Added Component: Designator=IRF1(IRF7601_Micro)
Added Component: Designator=J1(MicoUsb)
Added Component: Designator=K1(TL3240)
Added Component: Designator=K2(四脚轻触开关（6*6*5）)
Added Component: Designator=LED1(LED-0805)
Added Component: Designator=LED2(LED-0805)
Added Component: Designator=LED3(LED-0805)
Added Component: Designator=LED4(LED-0805)
Added Component: Designator=LED5(LED-0805)
Added Component: Designator=P1(测点)
Added Component: Designator=P2(测点)
Added Component: Designator=P3(测点)
Added Component: Designator=P4(测点)
Added Component: Designator=Q1(BC847B)
Added Component: Designator=Q2(BC847B)
Added Component: Designator=Q3(MOSFET_N)
Added Component: Designator=R1(0603)
Added Component: Designator=R2(0603)
Added Component: Designator=R3(0603)
Added Component: Designator=R4(0603)
Added Component: Designator=R5(0603)
Added Component: Designator=R6(0603)
Added Component: Designator=R7(0603)
Added Component: Designator=R8(0603)
Added Component: Designator=R9(0603)
Added Component: Designator=R10(0603)
Added Component: Designator=R11(0603)
Added Component: Designator=R12(0603)
Added Component: Designator=R13(0603)
Added Component: Designator=R14(0805)
Added Component: Designator=R15(0805)
Added Component: Designator=R16(0805)
Added Component: Designator=R17(0805)
Added Component: Designator=R18(0603)
Added Component: Designator=R19(0603)
Added Component: Designator=R20(0603)
Added Component: Designator=R21(0603)
Added Component: Designator=R22(0603)
Added Component: Designator=R23(0603)
Added Component: Designator=R24(0603)
Added Component: Designator=R25(0603)
Added Component: Designator=R26(0603)
Added Component: Designator=R27(0603)
Added Component: Designator=R28(0603)
Added Component: Designator=U1(STM32F103RBT6)
Added Component: Designator=U2(TP4056)
Added Component: Designator=U3(LT1963)
Added Component: Designator=U4(Speaker（5*5*2.0）)
Added Component: Designator=U5(SHT21)
Added Component: Designator=X1(3225无源晶振)
Added Pin To Net: NetName=AD Pin=K1-3
Added Pin To Net: NetName=AD Pin=K1-4
Added Pin To Net: NetName=AD Pin=R7-1
Added Pin To Net: NetName=AD Pin=U1-14
Added Net: Name=AD
Added Pin To Net: NetName=BOOT0 Pin=R6-2
Added Pin To Net: NetName=BOOT0 Pin=U1-60
Added Net: Name=BOOT0
Added Pin To Net: NetName=BOOT1 Pin=R5-2
Added Pin To Net: NetName=BOOT1 Pin=U1-28
Added Net: Name=BOOT1
Added Pin To Net: NetName=GND Pin=C1-2
Added Pin To Net: NetName=GND Pin=C2-1
Added Pin To Net: NetName=GND Pin=C3-2
Added Pin To Net: NetName=GND Pin=C4-1
Added Pin To Net: NetName=GND Pin=C5-1
Added Pin To Net: NetName=GND Pin=C6-1
Added Pin To Net: NetName=GND Pin=C7-1
Added Pin To Net: NetName=GND Pin=C8-1
Added Pin To Net: NetName=GND Pin=C9-2
Added Pin To Net: NetName=GND Pin=C10-1
Added Pin To Net: NetName=GND Pin=C11-2
Added Pin To Net: NetName=GND Pin=C12-1
Added Pin To Net: NetName=GND Pin=C13-1
Added Pin To Net: NetName=GND Pin=C14-1
Added Pin To Net: NetName=GND Pin=C15-1
Added Pin To Net: NetName=GND Pin=C16-1
Added Pin To Net: NetName=GND Pin=C17-2
Added Pin To Net: NetName=GND Pin=C18-2
Added Pin To Net: NetName=GND Pin=C19-2
Added Pin To Net: NetName=GND Pin=IRF1-1
Added Pin To Net: NetName=GND Pin=IRF1-2
Added Pin To Net: NetName=GND Pin=IRF1-3
Added Pin To Net: NetName=GND Pin=J1-5
Added Pin To Net: NetName=GND Pin=K2-1
Added Pin To Net: NetName=GND Pin=K2-2
Added Pin To Net: NetName=GND Pin=P4-1
Added Pin To Net: NetName=GND Pin=Q2-1
Added Pin To Net: NetName=GND Pin=Q3-2
Added Pin To Net: NetName=GND Pin=R3-1
Added Pin To Net: NetName=GND Pin=R4-1
Added Pin To Net: NetName=GND Pin=R5-1
Added Pin To Net: NetName=GND Pin=R6-1
Added Pin To Net: NetName=GND Pin=R10-2
Added Pin To Net: NetName=GND Pin=R28-1
Added Pin To Net: NetName=GND Pin=U1-12
Added Pin To Net: NetName=GND Pin=U1-18
Added Pin To Net: NetName=GND Pin=U1-31
Added Pin To Net: NetName=GND Pin=U1-47
Added Pin To Net: NetName=GND Pin=U1-63
Added Pin To Net: NetName=GND Pin=U2-3
Added Pin To Net: NetName=GND Pin=U3-3
Added Pin To Net: NetName=GND Pin=U3-6
Added Pin To Net: NetName=GND Pin=U3-7
Added Pin To Net: NetName=GND Pin=U5-4
Added Pin To Net: NetName=GND Pin=X1-2
Added Pin To Net: NetName=GND Pin=X1-4
Added Net: Name=GND
Added Pin To Net: NetName=KEY Pin=C19-1
Added Pin To Net: NetName=KEY Pin=K2-3
Added Pin To Net: NetName=KEY Pin=K2-4
Added Pin To Net: NetName=KEY Pin=R18-1
Added Net: Name=KEY
Added Pin To Net: NetName=LED1 Pin=R19-1
Added Net: Name=LED1
Added Pin To Net: NetName=LED2 Pin=R20-1
Added Net: Name=LED2
Added Pin To Net: NetName=LED3 Pin=R21-1
Added Net: Name=LED3
Added Pin To Net: NetName=LED4 Pin=R22-1
Added Net: Name=LED4
Added Pin To Net: NetName=NetC5_2 Pin=C5-2
Added Pin To Net: NetName=NetC5_2 Pin=U1-5
Added Pin To Net: NetName=NetC5_2 Pin=X1-3
Added Net: Name=NetC5_2
Added Pin To Net: NetName=NetC6_2 Pin=C6-2
Added Pin To Net: NetName=NetC6_2 Pin=K1-1
Added Pin To Net: NetName=NetC6_2 Pin=K1-2
Added Pin To Net: NetName=NetC6_2 Pin=Q1-3
Added Pin To Net: NetName=NetC6_2 Pin=R10-1
Added Pin To Net: NetName=NetC6_2 Pin=U3-5
Added Net: Name=NetC6_2
Added Pin To Net: NetName=NetC7_2 Pin=C7-2
Added Pin To Net: NetName=NetC7_2 Pin=U1-6
Added Pin To Net: NetName=NetC7_2 Pin=X1-1
Added Net: Name=NetC7_2
Added Pin To Net: NetName=NetC16_2 Pin=C16-2
Added Pin To Net: NetName=NetC16_2 Pin=R12-2
Added Pin To Net: NetName=NetC16_2 Pin=U1-13
Added Net: Name=NetC16_2
Added Pin To Net: NetName=NetD1_1 Pin=D1-1
Added Pin To Net: NetName=NetD1_1 Pin=Q2-3
Added Pin To Net: NetName=NetD1_1 Pin=U4-1
Added Net: Name=NetD1_1
Added Pin To Net: NetName=NetD1_2 Pin=D1-2
Added Pin To Net: NetName=NetD1_2 Pin=R13-1
Added Pin To Net: NetName=NetD1_2 Pin=U4-2
Added Net: Name=NetD1_2
Added Pin To Net: NetName=NetIRF1_4 Pin=IRF1-4
Added Pin To Net: NetName=NetIRF1_4 Pin=Q3-3
Added Pin To Net: NetName=NetIRF1_4 Pin=R24-1
Added Net: Name=NetIRF1_4
Added Pin To Net: NetName=NetIRF1_5 Pin=IRF1-5
Added Pin To Net: NetName=NetIRF1_5 Pin=IRF1-6
Added Pin To Net: NetName=NetIRF1_5 Pin=IRF1-7
Added Pin To Net: NetName=NetIRF1_5 Pin=IRF1-8
Added Pin To Net: NetName=NetIRF1_5 Pin=R14-1
Added Pin To Net: NetName=NetIRF1_5 Pin=R15-1
Added Pin To Net: NetName=NetIRF1_5 Pin=R16-1
Added Pin To Net: NetName=NetIRF1_5 Pin=R17-1
Added Net: Name=NetIRF1_5
Added Pin To Net: NetName=NetK1_6 Pin=K1-6
Added Pin To Net: NetName=NetK1_6 Pin=R9-1
Added Net: Name=NetK1_6
Added Pin To Net: NetName=NetLED1_1 Pin=LED1-1
Added Pin To Net: NetName=NetLED1_1 Pin=R2-2
Added Net: Name=NetLED1_1
Added Pin To Net: NetName=NetLED1_2 Pin=LED1-2
Added Pin To Net: NetName=NetLED1_2 Pin=U2-6
Added Net: Name=NetLED1_2
Added Pin To Net: NetName=NetLED2_2 Pin=LED2-2
Added Pin To Net: NetName=NetLED2_2 Pin=R19-2
Added Net: Name=NetLED2_2
Added Pin To Net: NetName=NetLED3_2 Pin=LED3-2
Added Pin To Net: NetName=NetLED3_2 Pin=R20-2
Added Net: Name=NetLED3_2
Added Pin To Net: NetName=NetLED4_2 Pin=LED4-2
Added Pin To Net: NetName=NetLED4_2 Pin=R21-2
Added Net: Name=NetLED4_2
Added Pin To Net: NetName=NetLED5_2 Pin=LED5-2
Added Pin To Net: NetName=NetLED5_2 Pin=R22-2
Added Net: Name=NetLED5_2
Added Pin To Net: NetName=NetQ1_2 Pin=Q1-2
Added Pin To Net: NetName=NetQ1_2 Pin=R8-1
Added Net: Name=NetQ1_2
Added Pin To Net: NetName=NetQ2_2 Pin=Q2-2
Added Pin To Net: NetName=NetQ2_2 Pin=R23-1
Added Net: Name=NetQ2_2
Added Pin To Net: NetName=NetR1_1 Pin=R1-1
Added Pin To Net: NetName=NetR1_1 Pin=R2-1
Added Pin To Net: NetName=NetR1_1 Pin=U2-4
Added Pin To Net: NetName=NetR1_1 Pin=U2-8
Added Net: Name=NetR1_1
Added Pin To Net: NetName=NetR3_2 Pin=R3-2
Added Pin To Net: NetName=NetR3_2 Pin=U2-1
Added Net: Name=NetR3_2
Added Pin To Net: NetName=NetR4_2 Pin=R4-2
Added Pin To Net: NetName=NetR4_2 Pin=U2-2
Added Net: Name=NetR4_2
Added Pin To Net: NetName=NetR11_2 Pin=R11-2
Added Pin To Net: NetName=NetR11_2 Pin=U1-7
Added Net: Name=NetR11_2
Added Pin To Net: NetName=NetR25_1 Pin=R25-1
Added Pin To Net: NetName=NetR25_1 Pin=R28-2
Added Net: Name=NetR25_1
Added Pin To Net: NetName=PA7 Pin=Q3-1
Added Pin To Net: NetName=PA7 Pin=U1-23
Added Net: Name=PA7
Added Pin To Net: NetName=PA9 Pin=P1-1
Added Pin To Net: NetName=PA9 Pin=U1-42
Added Net: Name=PA9
Added Pin To Net: NetName=PA10 Pin=P2-1
Added Pin To Net: NetName=PA10 Pin=U1-43
Added Net: Name=PA10
Added Pin To Net: NetName=PLED Pin=K1-5
Added Net: Name=PLED
Added Pin To Net: NetName=POWER Pin=R8-2
Added Net: Name=POWER
Added Pin To Net: NetName=SCL Pin=R26-2
Added Pin To Net: NetName=SCL Pin=U5-5
Added Net: Name=SCL
Added Pin To Net: NetName=SDA Pin=R27-2
Added Pin To Net: NetName=SDA Pin=U5-6
Added Net: Name=SDA
Added Pin To Net: NetName=SPEAKER Pin=R23-2
Added Net: Name=SPEAKER
Added Pin To Net: NetName=VBAT Pin=C3-1
Added Pin To Net: NetName=VBAT Pin=C4-2
Added Pin To Net: NetName=VBAT Pin=C8-2
Added Pin To Net: NetName=VBAT Pin=C9-1
Added Pin To Net: NetName=VBAT Pin=P3-1
Added Pin To Net: NetName=VBAT Pin=U2-5
Added Pin To Net: NetName=VBAT Pin=U3-8
Added Net: Name=VBAT
Added Pin To Net: NetName=VCC3.3 Pin=C10-2
Added Pin To Net: NetName=VCC3.3 Pin=C11-1
Added Pin To Net: NetName=VCC3.3 Pin=C12-2
Added Pin To Net: NetName=VCC3.3 Pin=C13-2
Added Pin To Net: NetName=VCC3.3 Pin=C14-2
Added Pin To Net: NetName=VCC3.3 Pin=C15-2
Added Pin To Net: NetName=VCC3.3 Pin=C17-1
Added Pin To Net: NetName=VCC3.3 Pin=C18-1
Added Pin To Net: NetName=VCC3.3 Pin=LED2-1
Added Pin To Net: NetName=VCC3.3 Pin=LED3-1
Added Pin To Net: NetName=VCC3.3 Pin=LED4-1
Added Pin To Net: NetName=VCC3.3 Pin=LED5-1
Added Pin To Net: NetName=VCC3.3 Pin=Q1-1
Added Pin To Net: NetName=VCC3.3 Pin=R7-2
Added Pin To Net: NetName=VCC3.3 Pin=R9-2
Added Pin To Net: NetName=VCC3.3 Pin=R11-1
Added Pin To Net: NetName=VCC3.3 Pin=R12-1
Added Pin To Net: NetName=VCC3.3 Pin=R13-2
Added Pin To Net: NetName=VCC3.3 Pin=R14-2
Added Pin To Net: NetName=VCC3.3 Pin=R15-2
Added Pin To Net: NetName=VCC3.3 Pin=R16-2
Added Pin To Net: NetName=VCC3.3 Pin=R17-2
Added Pin To Net: NetName=VCC3.3 Pin=R18-2
Added Pin To Net: NetName=VCC3.3 Pin=R24-2
Added Pin To Net: NetName=VCC3.3 Pin=R25-2
Added Pin To Net: NetName=VCC3.3 Pin=U1-19
Added Pin To Net: NetName=VCC3.3 Pin=U1-32
Added Pin To Net: NetName=VCC3.3 Pin=U1-48
Added Pin To Net: NetName=VCC3.3 Pin=U1-64
Added Pin To Net: NetName=VCC3.3 Pin=U3-1
Added Pin To Net: NetName=VCC3.3 Pin=U3-2
Added Pin To Net: NetName=VCC3.3 Pin=U5-3
Added Net: Name=VCC3.3
Added Pin To Net: NetName=VCC Pin=C1-1
Added Pin To Net: NetName=VCC Pin=C2-2
Added Pin To Net: NetName=VCC Pin=J1-1
Added Pin To Net: NetName=VCC Pin=R1-2
Added Net: Name=VCC
Added Pin To Net: NetName=VDD3.3 Pin=R26-1
Added Pin To Net: NetName=VDD3.3 Pin=R27-1
Added Net: Name=VDD3.3
Added Class: Name=Sch
Added Room: Name=Sch
